# JRE version: OpenJDK Runtime Environment Temurin-21.0.8+9 (21.0.8+9) (build 21.0.8+9-LTS)
# Java VM: OpenJDK 64-Bit Server VM Temurin-21.0.8+9 (21.0.8+9-LTS, mixed mode, sharing, tiered, compressed oops, compressed class ptrs, parallel gc, windows-amd64)
GC Precious Log:
 CardTable entry size: 512
 CPUs: 12 total, 12 available
 Memory: 16128M
 Large Page Support: Disabled
 NUMA Support: Disabled
 Compressed Oops: Enabled (32-bit)
 Alignments: Space 512K, Generation 512K, Heap 2M
 Heap Min Capacity: 100M
 Heap Initial Capacity: 100M
 Heap Max Capacity: 2G
 Pre-touch: Disabled
 Parallel Workers: 10
Heap:
 PSYoungGen      total 9216K, used 9187K [0x00000000d5580000, 0x00000000d6580000, 0x0000000100000000)
  eden space 6144K, 100% used [0x00000000d5580000,0x00000000d5b80000,0x00000000d5b80000)
  from space 3072K, 99% used [0x00000000d5c80000,0x00000000d5f78d00,0x00000000d5f80000)
  to   space 5120K, 72% used [0x00000000d6080000,0x00000000d641f5d8,0x00000000d6580000)
 ParOldGen       total 232960K, used 232481K [0x0000000080000000, 0x000000008e380000, 0x00000000d5580000)
  object space 232960K, 99% used [0x0000000080000000,0x000000008e308770,0x000000008e380000)
 Metaspace       used 70791K, committed 72384K, reserved 1114112K
  class space    used 7547K, committed 8256K, reserved 1048576K
GC Heap History (20 events):
Event: 93.430 GC heap before
{Heap before GC invocations=195 (full 5):
 PSYoungGen      total 5632K, used 5123K [0x00000000d5580000, 0x00000000d5d00000, 0x0000000100000000)
  eden space 4096K, 99% used [0x00000000d5580000,0x00000000d597f708,0x00000000d5980000)
  from space 1536K, 67% used [0x00000000d5980000,0x00000000d5a81620,0x00000000d5b00000)
  to   space 1536K, 0% used [0x00000000d5b80000,0x00000000d5b80000,0x00000000d5d00000)
 ParOldGen       total 221184K, used 221164K [0x0000000080000000, 0x000000008d800000, 0x00000000d5580000)
  object space 221184K, 99% used [0x0000000080000000,0x000000008d7fb3c0,0x000000008d800000)
 Metaspace       used 70404K, committed 71936K, reserved 1114112K
  class space    used 7494K, committed 8192K, reserved 1048576K
}
Event: 93.432 GC heap after
{Heap after GC invocations=195 (full 5):
 PSYoungGen      total 6144K, used 1379K [0x00000000d5580000, 0x00000000d5d00000, 0x0000000100000000)
  eden space 4608K, 0% used [0x00000000d5580000,0x00000000d5580000,0x00000000d5a00000)
  from space 1536K, 89% used [0x00000000d5b80000,0x00000000d5cd8cd0,0x00000000d5d00000)
  to   space 1536K, 0% used [0x00000000d5a00000,0x00000000d5a00000,0x00000000d5b80000)
 ParOldGen       total 221184K, used 221164K [0x0000000080000000, 0x000000008d800000, 0x00000000d5580000)
  object space 221184K, 99% used [0x0000000080000000,0x000000008d7fb3c0,0x000000008d800000)
 Metaspace       used 70404K, committed 71936K, reserved 1114112K
  class space    used 7494K, committed 8192K, reserved 1048576K
}
Event: 93.503 GC heap before
{Heap before GC invocations=196 (full 5):
 PSYoungGen      total 6144K, used 5958K [0x00000000d5580000, 0x00000000d5d00000, 0x0000000100000000)
  eden space 4608K, 99% used [0x00000000d5580000,0x00000000d59f8ed0,0x00000000d5a00000)
  from space 1536K, 89% used [0x00000000d5b80000,0x00000000d5cd8cd0,0x00000000d5d00000)
  to   space 1536K, 0% used [0x00000000d5a00000,0x00000000d5a00000,0x00000000d5b80000)
 ParOldGen       total 221184K, used 221164K [0x0000000080000000, 0x000000008d800000, 0x00000000d5580000)
  object space 221184K, 99% used [0x0000000080000000,0x000000008d7fb3c0,0x000000008d800000)
 Metaspace       used 70431K, committed 71936K, reserved 1114112K
  class space    used 7502K, committed 8192K, reserved 1048576K
}
Event: 93.507 GC heap after
{Heap after GC invocations=196 (full 5):
 PSYoungGen      total 6144K, used 1530K [0x00000000d5580000, 0x00000000d6080000, 0x0000000100000000)
  eden space 4608K, 0% used [0x00000000d5580000,0x00000000d5580000,0x00000000d5a00000)
  from space 1536K, 99% used [0x00000000d5a00000,0x00000000d5b7e9e0,0x00000000d5b80000)
  to   space 3072K, 0% used [0x00000000d5d80000,0x00000000d5d80000,0x00000000d6080000)
 ParOldGen       total 222208K, used 222175K [0x0000000080000000, 0x000000008d900000, 0x00000000d5580000)
  object space 222208K, 99% used [0x0000000080000000,0x000000008d8f7e58,0x000000008d900000)
 Metaspace       used 70431K, committed 71936K, reserved 1114112K
  class space    used 7502K, committed 8192K, reserved 1048576K
}
Event: 93.545 GC heap before
{Heap before GC invocations=197 (full 5):
 PSYoungGen      total 6144K, used 6138K [0x00000000d5580000, 0x00000000d6080000, 0x0000000100000000)
  eden space 4608K, 100% used [0x00000000d5580000,0x00000000d5a00000,0x00000000d5a00000)
  from space 1536K, 99% used [0x00000000d5a00000,0x00000000d5b7e9e0,0x00000000d5b80000)
  to   space 3072K, 0% used [0x00000000d5d80000,0x00000000d5d80000,0x00000000d6080000)
 ParOldGen       total 222208K, used 222175K [0x0000000080000000, 0x000000008d900000, 0x00000000d5580000)
  object space 222208K, 99% used [0x0000000080000000,0x000000008d8f7e58,0x000000008d900000)
 Metaspace       used 70518K, committed 72000K, reserved 1114112K
  class space    used 7518K, committed 8192K, reserved 1048576K
}
Event: 93.550 GC heap after
{Heap after GC invocations=197 (full 5):
 PSYoungGen      total 7168K, used 1672K [0x00000000d5580000, 0x00000000d5f80000, 0x0000000100000000)
  eden space 5120K, 0% used [0x00000000d5580000,0x00000000d5580000,0x00000000d5a80000)
  from space 2048K, 81% used [0x00000000d5d80000,0x00000000d5f223d8,0x00000000d5f80000)
  to   space 2048K, 0% used [0x00000000d5b80000,0x00000000d5b80000,0x00000000d5d80000)
 ParOldGen       total 223232K, used 222938K [0x0000000080000000, 0x000000008da00000, 0x00000000d5580000)
  object space 223232K, 99% used [0x0000000080000000,0x000000008d9b6a28,0x000000008da00000)
 Metaspace       used 70518K, committed 72000K, reserved 1114112K
  class space    used 7518K, committed 8192K, reserved 1048576K
}
Event: 93.584 GC heap before
{Heap before GC invocations=198 (full 5):
 PSYoungGen      total 7168K, used 6792K [0x00000000d5580000, 0x00000000d5f80000, 0x0000000100000000)
  eden space 5120K, 100% used [0x00000000d5580000,0x00000000d5a80000,0x00000000d5a80000)
  from space 2048K, 81% used [0x00000000d5d80000,0x00000000d5f223d8,0x00000000d5f80000)
  to   space 2048K, 0% used [0x00000000d5b80000,0x00000000d5b80000,0x00000000d5d80000)
 ParOldGen       total 223232K, used 222938K [0x0000000080000000, 0x000000008da00000, 0x00000000d5580000)
  object space 223232K, 99% used [0x0000000080000000,0x000000008d9b6a28,0x000000008da00000)
 Metaspace       used 70555K, committed 72128K, reserved 1114112K
  class space    used 7526K, committed 8256K, reserved 1048576K
}
Event: 93.589 GC heap after
{Heap after GC invocations=198 (full 5):
 PSYoungGen      total 7680K, used 2038K [0x00000000d5580000, 0x00000000d6100000, 0x0000000100000000)
  eden space 5632K, 0% used [0x00000000d5580000,0x00000000d5580000,0x00000000d5b00000)
  from space 2048K, 99% used [0x00000000d5b80000,0x00000000d5d7d908,0x00000000d5d80000)
  to   space 3072K, 0% used [0x00000000d5e00000,0x00000000d5e00000,0x00000000d6100000)
 ParOldGen       total 223744K, used 223631K [0x0000000080000000, 0x000000008da80000, 0x00000000d5580000)
  object space 223744K, 99% used [0x0000000080000000,0x000000008da63f88,0x000000008da80000)
 Metaspace       used 70555K, committed 72128K, reserved 1114112K
  class space    used 7526K, committed 8256K, reserved 1048576K
}
Event: 93.646 GC heap before
{Heap before GC invocations=199 (full 5):
 PSYoungGen      total 7680K, used 7670K [0x00000000d5580000, 0x00000000d6100000, 0x0000000100000000)
  eden space 5632K, 100% used [0x00000000d5580000,0x00000000d5b00000,0x00000000d5b00000)
  from space 2048K, 99% used [0x00000000d5b80000,0x00000000d5d7d908,0x00000000d5d80000)
  to   space 3072K, 0% used [0x00000000d5e00000,0x00000000d5e00000,0x00000000d6100000)
 ParOldGen       total 223744K, used 223631K [0x0000000080000000, 0x000000008da80000, 0x00000000d5580000)
  object space 223744K, 99% used [0x0000000080000000,0x000000008da63f88,0x000000008da80000)
 Metaspace       used 70593K, committed 72128K, reserved 1114112K
  class space    used 7537K, committed 8256K, reserved 1048576K
}
Event: 93.652 GC heap after
{Heap after GC invocations=199 (full 5):
 PSYoungGen      total 9216K, used 2309K [0x00000000d5580000, 0x00000000d6100000, 0x0000000100000000)
  eden space 6144K, 0% used [0x00000000d5580000,0x00000000d5580000,0x00000000d5b80000)
  from space 3072K, 75% used [0x00000000d5e00000,0x00000000d60414c0,0x00000000d6100000)
  to   space 2560K, 0% used [0x00000000d5b80000,0x00000000d5b80000,0x00000000d5e00000)
 ParOldGen       total 225280K, used 224777K [0x0000000080000000, 0x000000008dc00000, 0x00000000d5580000)
  object space 225280K, 99% used [0x0000000080000000,0x000000008db82450,0x000000008dc00000)
 Metaspace       used 70593K, committed 72128K, reserved 1114112K
  class space    used 7537K, committed 8256K, reserved 1048576K
}
Event: 93.781 GC heap before
{Heap before GC invocations=200 (full 5):
 PSYoungGen      total 9216K, used 8453K [0x00000000d5580000, 0x00000000d6100000, 0x0000000100000000)
  eden space 6144K, 100% used [0x00000000d5580000,0x00000000d5b80000,0x00000000d5b80000)
  from space 3072K, 75% used [0x00000000d5e00000,0x00000000d60414c0,0x00000000d6100000)
  to   space 2560K, 0% used [0x00000000d5b80000,0x00000000d5b80000,0x00000000d5e00000)
 ParOldGen       total 225280K, used 224777K [0x0000000080000000, 0x000000008dc00000, 0x00000000d5580000)
  object space 225280K, 99% used [0x0000000080000000,0x000000008db82450,0x000000008dc00000)
 Metaspace       used 70604K, committed 72128K, reserved 1114112K
  class space    used 7539K, committed 8256K, reserved 1048576K
}
Event: 93.788 GC heap after
{Heap after GC invocations=200 (full 5):
 PSYoungGen      total 8704K, used 2544K [0x00000000d5580000, 0x00000000d6480000, 0x0000000100000000)
  eden space 6144K, 0% used [0x00000000d5580000,0x00000000d5580000,0x00000000d5b80000)
  from space 2560K, 99% used [0x00000000d5b80000,0x00000000d5dfc010,0x00000000d5e00000)
  to   space 4096K, 0% used [0x00000000d6080000,0x00000000d6080000,0x00000000d6480000)
 ParOldGen       total 226304K, used 226004K [0x0000000080000000, 0x000000008dd00000, 0x00000000d5580000)
  object space 226304K, 99% used [0x0000000080000000,0x000000008dcb5140,0x000000008dd00000)
 Metaspace       used 70604K, committed 72128K, reserved 1114112K
  class space    used 7539K, committed 8256K, reserved 1048576K
}
Event: 93.930 GC heap before
{Heap before GC invocations=201 (full 5):
 PSYoungGen      total 8704K, used 8675K [0x00000000d5580000, 0x00000000d6480000, 0x0000000100000000)
  eden space 6144K, 99% used [0x00000000d5580000,0x00000000d5b7cc08,0x00000000d5b80000)
  from space 2560K, 99% used [0x00000000d5b80000,0x00000000d5dfc010,0x00000000d5e00000)
  to   space 4096K, 0% used [0x00000000d6080000,0x00000000d6080000,0x00000000d6480000)
 ParOldGen       total 226304K, used 226004K [0x0000000080000000, 0x000000008dd00000, 0x00000000d5580000)
  object space 226304K, 99% used [0x0000000080000000,0x000000008dcb5140,0x000000008dd00000)
 Metaspace       used 70775K, committed 72384K, reserved 1114112K
  class space    used 7547K, committed 8256K, reserved 1048576K
}
Event: 93.937 GC heap after
{Heap after GC invocations=201 (full 5):
 PSYoungGen      total 8704K, used 2381K [0x00000000d5580000, 0x00000000d6300000, 0x0000000100000000)
  eden space 6144K, 0% used [0x00000000d5580000,0x00000000d5580000,0x00000000d5b80000)
  from space 2560K, 93% used [0x00000000d6080000,0x00000000d62d35f0,0x00000000d6300000)
  to   space 3072K, 0% used [0x00000000d5d00000,0x00000000d5d00000,0x00000000d6000000)
 ParOldGen       total 227840K, used 227354K [0x0000000080000000, 0x000000008de80000, 0x00000000d5580000)
  object space 227840K, 99% used [0x0000000080000000,0x000000008de06868,0x000000008de80000)
 Metaspace       used 70775K, committed 72384K, reserved 1114112K
  class space    used 7547K, committed 8256K, reserved 1048576K
}
Event: 94.100 GC heap before
{Heap before GC invocations=202 (full 5):
 PSYoungGen      total 8704K, used 8525K [0x00000000d5580000, 0x00000000d6300000, 0x0000000100000000)
  eden space 6144K, 100% used [0x00000000d5580000,0x00000000d5b80000,0x00000000d5b80000)
  from space 2560K, 93% used [0x00000000d6080000,0x00000000d62d35f0,0x00000000d6300000)
  to   space 3072K, 0% used [0x00000000d5d00000,0x00000000d5d00000,0x00000000d6000000)
 ParOldGen       total 227840K, used 227354K [0x0000000080000000, 0x000000008de80000, 0x00000000d5580000)
  object space 227840K, 99% used [0x0000000080000000,0x000000008de06868,0x000000008de80000)
 Metaspace       used 70789K, committed 72384K, reserved 1114112K
  class space    used 7547K, committed 8256K, reserved 1048576K
}
Event: 94.106 GC heap after
{Heap after GC invocations=202 (full 5):
 PSYoungGen      total 9216K, used 3067K [0x00000000d5580000, 0x00000000d6380000, 0x0000000100000000)
  eden space 6144K, 0% used [0x00000000d5580000,0x00000000d5580000,0x00000000d5b80000)
  from space 3072K, 99% used [0x00000000d5d00000,0x00000000d5ffee58,0x00000000d6000000)
  to   space 3584K, 0% used [0x00000000d6000000,0x00000000d6000000,0x00000000d6380000)
 ParOldGen       total 228352K, used 227863K [0x0000000080000000, 0x000000008df00000, 0x00000000d5580000)
  object space 228352K, 99% used [0x0000000080000000,0x000000008de85e30,0x000000008df00000)
 Metaspace       used 70789K, committed 72384K, reserved 1114112K
  class space    used 7547K, committed 8256K, reserved 1048576K
}
Event: 94.269 GC heap before
{Heap before GC invocations=203 (full 5):
 PSYoungGen      total 9216K, used 9211K [0x00000000d5580000, 0x00000000d6380000, 0x0000000100000000)
  eden space 6144K, 100% used [0x00000000d5580000,0x00000000d5b80000,0x00000000d5b80000)
  from space 3072K, 99% used [0x00000000d5d00000,0x00000000d5ffee58,0x00000000d6000000)
  to   space 3584K, 0% used [0x00000000d6000000,0x00000000d6000000,0x00000000d6380000)
 ParOldGen       total 228352K, used 227863K [0x0000000080000000, 0x000000008df00000, 0x00000000d5580000)
  object space 228352K, 99% used [0x0000000080000000,0x000000008de85e30,0x000000008df00000)
 Metaspace       used 70791K, committed 72384K, reserved 1114112K
  class space    used 7547K, committed 8256K, reserved 1048576K
}
Event: 94.277 GC heap after
{Heap after GC invocations=203 (full 5):
 PSYoungGen      total 8704K, used 2321K [0x00000000d5580000, 0x00000000d6280000, 0x0000000100000000)
  eden space 6144K, 0% used [0x00000000d5580000,0x00000000d5580000,0x00000000d5b80000)
  from space 2560K, 90% used [0x00000000d6000000,0x00000000d6244658,0x00000000d6280000)
  to   space 3072K, 0% used [0x00000000d5c80000,0x00000000d5c80000,0x00000000d5f80000)
 ParOldGen       total 230400K, used 229895K [0x0000000080000000, 0x000000008e100000, 0x00000000d5580000)
  object space 230400K, 99% used [0x0000000080000000,0x000000008e081e38,0x000000008e100000)
 Metaspace       used 70791K, committed 72384K, reserved 1114112K
  class space    used 7547K, committed 8256K, reserved 1048576K
}
Event: 94.456 GC heap before
{Heap before GC invocations=204 (full 5):
 PSYoungGen      total 8704K, used 8155K [0x00000000d5580000, 0x00000000d6280000, 0x0000000100000000)
  eden space 6144K, 94% used [0x00000000d5580000,0x00000000d5b326e0,0x00000000d5b80000)
  from space 2560K, 90% used [0x00000000d6000000,0x00000000d6244658,0x00000000d6280000)
  to   space 3072K, 0% used [0x00000000d5c80000,0x00000000d5c80000,0x00000000d5f80000)
 ParOldGen       total 230400K, used 229895K [0x0000000080000000, 0x000000008e100000, 0x00000000d5580000)
  object space 230400K, 99% used [0x0000000080000000,0x000000008e081e38,0x000000008e100000)
 Metaspace       used 70791K, committed 72384K, reserved 1114112K
  class space    used 7547K, committed 8256K, reserved 1048576K
}
Event: 94.462 GC heap after
{Heap after GC invocations=204 (full 5):
 PSYoungGen      total 9216K, used 3043K [0x00000000d5580000, 0x00000000d6580000, 0x0000000100000000)
  eden space 6144K, 0% used [0x00000000d5580000,0x00000000d5580000,0x00000000d5b80000)
  from space 3072K, 99% used [0x00000000d5c80000,0x00000000d5f78d00,0x00000000d5f80000)
  to   space 5120K, 0% used [0x00000000d6080000,0x00000000d6080000,0x00000000d6580000)
 ParOldGen       total 231424K, used 231224K [0x0000000080000000, 0x000000008e200000, 0x00000000d5580000)
  object space 231424K, 99% used [0x0000000080000000,0x000000008e1ce358,0x000000008e200000)
 Metaspace       used 70791K, committed 72384K, reserved 1114112K
  class space    used 7547K, committed 8256K, reserved 1048576K
}

